<?xml version="1.0" encoding="UTF-8"?>
<testsuite xmlns:xsi="http://www.w3.org/2001/XMLSchema-instance" xsi:schemaLocation="https://maven.apache.org/surefire/maven-surefire-plugin/xsd/surefire-test-report.xsd" name="TestSuite" time="1,021.455" tests="65" errors="0" skipped="0" failures="5">
  <properties>
    <property name="idea.version" value="2022.3.1"/>
    <property name="java.runtime.name" value="Java(TM) SE Runtime Environment"/>
    <property name="sun.boot.library.path" value="/Library/Java/JavaVirtualMachines/jdk1.8.0_361.jdk/Contents/Home/jre/lib"/>
    <property name="java.vm.version" value="25.361-b09"/>
    <property name="gopherProxySet" value="false"/>
    <property name="java.vm.vendor" value="Oracle Corporation"/>
    <property name="maven.multiModuleProjectDirectory" value="/Users/carmelacreata/IdeaProjects/ui_automation_6"/>
    <property name="java.vendor.url" value="http://java.oracle.com/"/>
    <property name="path.separator" value=":"/>
    <property name="guice.disable.misplaced.annotation.check" value="true"/>
    <property name="java.vm.name" value="Java HotSpot(TM) 64-Bit Server VM"/>
    <property name="file.encoding.pkg" value="sun.io"/>
    <property name="user.country" value="US"/>
    <property name="sun.java.launcher" value="SUN_STANDARD"/>
    <property name="sun.os.patch.level" value="unknown"/>
    <property name="java.vm.specification.name" value="Java Virtual Machine Specification"/>
    <property name="user.dir" value="/Users/carmelacreata/IdeaProjects/ui_automation_6"/>
    <property name="java.runtime.version" value="1.8.0_361-b09"/>
    <property name="java.awt.graphicsenv" value="sun.awt.CGraphicsEnvironment"/>
    <property name="java.endorsed.dirs" value="/Library/Java/JavaVirtualMachines/jdk1.8.0_361.jdk/Contents/Home/jre/lib/endorsed"/>
    <property name="os.arch" value="x86_64"/>
    <property name="java.io.tmpdir" value="/var/folders/jp/_bpmzzh9063_8_n6ss46c7ch0000gn/T/"/>
    <property name="line.separator" value="&#10;"/>
    <property name="java.vm.specification.vendor" value="Oracle Corporation"/>
    <property name="os.name" value="Mac OS X"/>
    <property name="maven.ext.class.path" value="/Applications/IntelliJ IDEA CE.app/Contents/plugins/maven/lib/maven-event-listener.jar"/>
    <property name="classworlds.conf" value="/Applications/IntelliJ IDEA CE.app/Contents/plugins/maven/lib/maven3/bin/m2.conf"/>
    <property name="sun.jnu.encoding" value="UTF-8"/>
    <property name="java.library.path" value="/Users/carmelacreata/Library/Java/Extensions:/Library/Java/Extensions:/Network/Library/Java/Extensions:/System/Library/Java/Extensions:/usr/lib/java:."/>
    <property name="jansi.passthrough" value="true"/>
    <property name="maven.conf" value="/Applications/IntelliJ IDEA CE.app/Contents/plugins/maven/lib/maven3/conf"/>
    <property name="java.specification.name" value="Java Platform API Specification"/>
    <property name="java.class.version" value="52.0"/>
    <property name="sun.management.compiler" value="HotSpot 64-Bit Tiered Compilers"/>
    <property name="os.version" value="13.3.1"/>
    <property name="http.nonProxyHosts" value="local|*.local|169.254/16|*.169.254/16"/>
    <property name="user.home" value="/Users/carmelacreata"/>
    <property name="user.timezone" value="America/Chicago"/>
    <property name="java.awt.printerjob" value="sun.lwawt.macosx.CPrinterJob"/>
    <property name="java.specification.version" value="1.8"/>
    <property name="file.encoding" value="UTF-8"/>
    <property name="user.name" value="carmelacreata"/>
    <property name="java.class.path" value="/Applications/IntelliJ IDEA CE.app/Contents/plugins/maven/lib/maven3/boot/plexus-classworlds.license:/Applications/IntelliJ IDEA CE.app/Contents/plugins/maven/lib/maven3/boot/plexus-classworlds-2.6.0.jar:/Applications/IntelliJ IDEA CE.app/Contents/lib/idea_rt.jar"/>
    <property name="java.vm.specification.version" value="1.8"/>
    <property name="sun.arch.data.model" value="64"/>
    <property name="java.home" value="/Library/Java/JavaVirtualMachines/jdk1.8.0_361.jdk/Contents/Home/jre"/>
    <property name="sun.java.command" value="org.codehaus.classworlds.Launcher -Didea.version=2022.3.1 test -PRegression"/>
    <property name="java.specification.vendor" value="Oracle Corporation"/>
    <property name="user.language" value="en"/>
    <property name="awt.toolkit" value="sun.lwawt.macosx.LWCToolkit"/>
    <property name="java.vm.info" value="mixed mode"/>
    <property name="java.version" value="1.8.0_361"/>
    <property name="java.ext.dirs" value="/Users/carmelacreata/Library/Java/Extensions:/Library/Java/JavaVirtualMachines/jdk1.8.0_361.jdk/Contents/Home/jre/lib/ext:/Library/Java/Extensions:/Network/Library/Java/Extensions:/System/Library/Java/Extensions:/usr/lib/java"/>
    <property name="sun.boot.class.path" value="/Library/Java/JavaVirtualMachines/jdk1.8.0_361.jdk/Contents/Home/jre/lib/resources.jar:/Library/Java/JavaVirtualMachines/jdk1.8.0_361.jdk/Contents/Home/jre/lib/rt.jar:/Library/Java/JavaVirtualMachines/jdk1.8.0_361.jdk/Contents/Home/jre/lib/jsse.jar:/Library/Java/JavaVirtualMachines/jdk1.8.0_361.jdk/Contents/Home/jre/lib/jce.jar:/Library/Java/JavaVirtualMachines/jdk1.8.0_361.jdk/Contents/Home/jre/lib/charsets.jar:/Library/Java/JavaVirtualMachines/jdk1.8.0_361.jdk/Contents/Home/jre/lib/jfr.jar:/Library/Java/JavaVirtualMachines/jdk1.8.0_361.jdk/Contents/Home/jre/classes"/>
    <property name="java.vendor" value="Oracle Corporation"/>
    <property name="java.specification.maintenance.version" value="4"/>
    <property name="maven.home" value="/Applications/IntelliJ IDEA CE.app/Contents/plugins/maven/lib/maven3"/>
    <property name="file.separator" value="/"/>
    <property name="java.vendor.url.bug" value="http://bugreport.sun.com/bugreport/"/>
    <property name="sun.cpu.endian" value="little"/>
    <property name="sun.io.unicode.encoding" value="UnicodeBig"/>
    <property name="socksNonProxyHosts" value="local|*.local|169.254/16|*.169.254/16"/>
    <property name="ftp.nonProxyHosts" value="local|*.local|169.254/16|*.169.254/16"/>
    <property name="sun.cpu.isalist" value=""/>
  </properties>
  <testcase name="validateSearchButton" classname="scripts._01_GoogleTest" time="0.323"/>
  <testcase name="validateTitleAndURL" classname="scripts._01_GoogleTest" time="0.052"/>
  <testcase name="validateSearchBar" classname="scripts._01_GoogleTest" time="0.195"/>
  <testcase name="validateTheContactUsInformation" classname="scripts._01_Project" time="0.662">
    <failure message="expected [2860 S River Rd Suite 350, Des Plaines IL 60018] but found [2860 S River Rd Suite 480, Des Plaines, IL 60018]" type="java.lang.AssertionError">java.lang.AssertionError: expected [2860 S River Rd Suite 350, Des Plaines IL 60018] but found [2860 S River Rd Suite 480, Des Plaines, IL 60018]
	at scripts._01_Project.validateTheContactUsInformation(_01_Project.java:38)
</failure>
    <system-err><![CDATA[Starting ChromeDriver 113.0.5672.63 (0e1a4471d5ae5bf128b1bd8f4d627c8cbd55f70c-refs/branch-heads/5672@{#912}) on port 29724
Only local connections are allowed.
Please see https://chromedriver.chromium.org/security-considerations for suggestions on keeping ChromeDriver safe.
ChromeDriver was started successfully.
Jun 05, 2023 7:53:10 PM org.openqa.selenium.remote.ProtocolHandshake createSession
INFO: Detected dialect: W3C
]]></system-err>
  </testcase>
  <testcase name="validateTheFullNameInputBox" classname="scripts._01_Project" time="0.487">
    <failure message="expected [Enter your name] but found [Enter your full name]" type="java.lang.AssertionError">java.lang.AssertionError: expected [Enter your name] but found [Enter your full name]
	at scripts._01_Project.validateTheFullNameInputBox(_01_Project.java:55)
</failure>
    <system-err><![CDATA[Starting ChromeDriver 113.0.5672.63 (0e1a4471d5ae5bf128b1bd8f4d627c8cbd55f70c-refs/branch-heads/5672@{#912}) on port 31354
Only local connections are allowed.
Please see https://chromedriver.chromium.org/security-considerations for suggestions on keeping ChromeDriver safe.
ChromeDriver was started successfully.
Jun 05, 2023 7:53:20 PM org.openqa.selenium.remote.ProtocolHandshake createSession
INFO: Detected dialect: W3C
]]></system-err>
  </testcase>
  <testcase name="validateTheGenderRadioButton" classname="scripts._01_Project" time="11.175"/>
  <testcase name="validateTheAddressInputBox" classname="scripts._01_Project" time="0.6"/>
  <testcase name="validateTheEmailInputBox" classname="scripts._01_Project" time="0.658"/>
  <testcase name="validateThePhoneInputBox" classname="scripts._01_Project" time="0.588"/>
  <testcase name="validateTheMessageTextArea" classname="scripts._01_Project" time="0.607"/>
  <testcase name="validateTheConsentCheckbox" classname="scripts._01_Project" time="5.776"/>
  <testcase name="validateTheSubmitButton" classname="scripts._01_Project" time="0.541"/>
  <testcase name="validateTheFormSubmission" classname="scripts._01_Project" time="5.856"/>
  <testcase name="validateTitleAndUrl" classname="scripts._02_AppleTest" time="0.736"/>
  <testcase name="validateLoginForm" classname="scripts._02_Project" time="3.331"/>
  <testcase name="validateValidLogin" classname="scripts._02_Project" time="4.472"/>
  <testcase name="validateLogout" classname="scripts._02_Project" time="4.693"/>
  <testcase name="validateForgotPasswordAndResetPassword" classname="scripts._02_Project" time="3.067"/>
  <testcase name="validateResetPasswordModal" classname="scripts._02_Project" time="42.215">
    <failure message="no such element: Unable to locate element: {&quot;method&quot;:&quot;css selector&quot;,&quot;selector&quot;:&quot;.\.modal\-card\-body&quot;}&#10;  (Session info: chrome=113.0.5672.126)&#10;For documentation on this error, please visit: https://www.seleniumhq.org/exceptions/no_such_element.html&#10;Build info: version: &apos;3.141.59&apos;, revision: &apos;e82be7d358&apos;, time: &apos;2018-11-14T08:17:03&apos;&#10;System info: host: &apos;Carmelas-MacBook-Air.local&apos;, ip: &apos;2601:249:9382:dab0:0:0:0:22a2%en0&apos;, os.name: &apos;Mac OS X&apos;, os.arch: &apos;x86_64&apos;, os.version: &apos;13.3.1&apos;, java.version: &apos;1.8.0_361&apos;&#10;Driver info: org.openqa.selenium.chrome.ChromeDriver&#10;Capabilities {acceptInsecureCerts: false, browserName: chrome, browserVersion: 113.0.5672.126, chrome: {chromedriverVersion: 113.0.5672.63 (0e1a4471d5ae..., userDataDir: /var/folders/jp/_bpmzzh9063...}, goog:chromeOptions: {debuggerAddress: localhost:53363}, javascriptEnabled: true, networkConnectionEnabled: false, pageLoadStrategy: normal, platform: MAC, platformName: MAC, proxy: Proxy(), setWindowRect: true, strictFileInteractability: false, timeouts: {implicit: 0, pageLoad: 300000, script: 30000}, unhandledPromptBehavior: dismiss and notify, webauthn:extension:credBlob: true, webauthn:extension:largeBlob: true, webauthn:extension:minPinLength: true, webauthn:extension:prf: true, webauthn:virtualAuthenticators: true}&#10;Session ID: 96d9aa8e7f5c68167328a86820915401&#10;*** Element info: {Using=class name, value=.modal-card-body}" type="org.openqa.selenium.NoSuchElementException">org.openqa.selenium.NoSuchElementException: 
no such element: Unable to locate element: {"method":"css selector","selector":".\.modal\-card\-body"}
  (Session info: chrome=113.0.5672.126)
For documentation on this error, please visit: https://www.seleniumhq.org/exceptions/no_such_element.html
Build info: version: '3.141.59', revision: 'e82be7d358', time: '2018-11-14T08:17:03'
System info: host: 'Carmelas-MacBook-Air.local', ip: '2601:249:9382:dab0:0:0:0:22a2%en0', os.name: 'Mac OS X', os.arch: 'x86_64', os.version: '13.3.1', java.version: '1.8.0_361'
Driver info: org.openqa.selenium.chrome.ChromeDriver
Capabilities {acceptInsecureCerts: false, browserName: chrome, browserVersion: 113.0.5672.126, chrome: {chromedriverVersion: 113.0.5672.63 (0e1a4471d5ae..., userDataDir: /var/folders/jp/_bpmzzh9063...}, goog:chromeOptions: {debuggerAddress: localhost:53363}, javascriptEnabled: true, networkConnectionEnabled: false, pageLoadStrategy: normal, platform: MAC, platformName: MAC, proxy: Proxy(), setWindowRect: true, strictFileInteractability: false, timeouts: {implicit: 0, pageLoad: 300000, script: 30000}, unhandledPromptBehavior: dismiss and notify, webauthn:extension:credBlob: true, webauthn:extension:largeBlob: true, webauthn:extension:minPinLength: true, webauthn:extension:prf: true, webauthn:virtualAuthenticators: true}
Session ID: 96d9aa8e7f5c68167328a86820915401
*** Element info: {Using=class name, value=.modal-card-body}
	at scripts._02_Project.validateResetPasswordModal(_02_Project.java:100)
</failure>
    <system-err><![CDATA[Starting ChromeDriver 113.0.5672.63 (0e1a4471d5ae5bf128b1bd8f4d627c8cbd55f70c-refs/branch-heads/5672@{#912}) on port 39595
Only local connections are allowed.
Please see https://chromedriver.chromium.org/security-considerations for suggestions on keeping ChromeDriver safe.
ChromeDriver was started successfully.
Jun 05, 2023 7:56:16 PM org.openqa.selenium.remote.ProtocolHandshake createSession
INFO: Detected dialect: W3C
]]></system-err>
  </testcase>
  <testcase name="validateResetPasswordForm" classname="scripts._02_Project" time="4.806"/>
  <testcase name="validateInvalidLogin" classname="scripts._02_Project" time="1.626"/>
  <testcase name="validateWrongUsername" classname="scripts._02_Project" time="3.521"/>
  <testcase name="validateInvalidLoginWithWrongPassword" classname="scripts._02_Project" time="3.537"/>
  <testcase name="validateInvalidLoginWithWrongCredentials" classname="scripts._02_Project" time="3.213"/>
  <testcase name="validateKiwiParagraph" classname="scripts._03_TGLocatorsTest" time="0.506"/>
  <testcase name="validateOrangeParagraph" classname="scripts._03_TGLocatorsTest" time="0.507"/>
  <testcase name="validateGrapesParagraph" classname="scripts._03_TGLocatorsTest" time="0.559"/>
  <testcase name="validateAllParagraphs" classname="scripts._03_TGLocatorsTest" time="0.544"/>
  <testcase name="validateRedAppleLink" classname="scripts._03_TGLocatorsTest" time="0.577"/>
  <testcase name="validateAllLinks" classname="scripts._03_TGLocatorsTest" time="0.808"/>
  <testcase name="validateAutomationTools" classname="scripts._04_TGLocatorTest" time="0.466"/>
  <testcase name="validateLanguages" classname="scripts._04_TGLocatorTest" time="0.428"/>
  <testcase name="validateListHeaders" classname="scripts._04_TGLocatorTest" time="0.1">
    <failure message="invalid selector: Unable to locate an element with the xpath expression .Xpath_subheader__VOtsU because of the following error:&#10;SyntaxError: Failed to execute &apos;evaluate&apos; on &apos;Document&apos;: The string &apos;.Xpath_subheader__VOtsU&apos; is not a valid XPath expression.&#10;  (Session info: chrome=113.0.5672.126)&#10;For documentation on this error, please visit: https://www.seleniumhq.org/exceptions/invalid_selector_exception.html&#10;Build info: version: &apos;3.141.59&apos;, revision: &apos;e82be7d358&apos;, time: &apos;2018-11-14T08:17:03&apos;&#10;System info: host: &apos;Carmelas-MacBook-Air.local&apos;, ip: &apos;2601:249:9382:dab0:0:0:0:22a2%en0&apos;, os.name: &apos;Mac OS X&apos;, os.arch: &apos;x86_64&apos;, os.version: &apos;13.3.1&apos;, java.version: &apos;1.8.0_361&apos;&#10;Driver info: org.openqa.selenium.chrome.ChromeDriver&#10;Capabilities {acceptInsecureCerts: false, browserName: chrome, browserVersion: 113.0.5672.126, chrome: {chromedriverVersion: 113.0.5672.63 (0e1a4471d5ae..., userDataDir: /var/folders/jp/_bpmzzh9063...}, goog:chromeOptions: {debuggerAddress: localhost:53667}, javascriptEnabled: true, networkConnectionEnabled: false, pageLoadStrategy: normal, platform: MAC, platformName: MAC, proxy: Proxy(), setWindowRect: true, strictFileInteractability: false, timeouts: {implicit: 0, pageLoad: 300000, script: 30000}, unhandledPromptBehavior: dismiss and notify, webauthn:extension:credBlob: true, webauthn:extension:largeBlob: true, webauthn:extension:minPinLength: true, webauthn:extension:prf: true, webauthn:virtualAuthenticators: true}&#10;Session ID: ec66964d68e6b2ac100b84b0f588b3e3&#10;*** Element info: {Using=xpath, value=.Xpath_subheader__VOtsU}" type="org.openqa.selenium.InvalidSelectorException">org.openqa.selenium.InvalidSelectorException: 
invalid selector: Unable to locate an element with the xpath expression .Xpath_subheader__VOtsU because of the following error:
SyntaxError: Failed to execute 'evaluate' on 'Document': The string '.Xpath_subheader__VOtsU' is not a valid XPath expression.
  (Session info: chrome=113.0.5672.126)
For documentation on this error, please visit: https://www.seleniumhq.org/exceptions/invalid_selector_exception.html
Build info: version: '3.141.59', revision: 'e82be7d358', time: '2018-11-14T08:17:03'
System info: host: 'Carmelas-MacBook-Air.local', ip: '2601:249:9382:dab0:0:0:0:22a2%en0', os.name: 'Mac OS X', os.arch: 'x86_64', os.version: '13.3.1', java.version: '1.8.0_361'
Driver info: org.openqa.selenium.chrome.ChromeDriver
Capabilities {acceptInsecureCerts: false, browserName: chrome, browserVersion: 113.0.5672.126, chrome: {chromedriverVersion: 113.0.5672.63 (0e1a4471d5ae..., userDataDir: /var/folders/jp/_bpmzzh9063...}, goog:chromeOptions: {debuggerAddress: localhost:53667}, javascriptEnabled: true, networkConnectionEnabled: false, pageLoadStrategy: normal, platform: MAC, platformName: MAC, proxy: Proxy(), setWindowRect: true, strictFileInteractability: false, timeouts: {implicit: 0, pageLoad: 300000, script: 30000}, unhandledPromptBehavior: dismiss and notify, webauthn:extension:credBlob: true, webauthn:extension:largeBlob: true, webauthn:extension:minPinLength: true, webauthn:extension:prf: true, webauthn:virtualAuthenticators: true}
Session ID: ec66964d68e6b2ac100b84b0f588b3e3
*** Element info: {Using=xpath, value=.Xpath_subheader__VOtsU}
	at scripts._04_TGLocatorTest.validateListHeaders(_04_TGLocatorTest.java:83)
</failure>
    <system-err><![CDATA[Starting ChromeDriver 113.0.5672.63 (0e1a4471d5ae5bf128b1bd8f4d627c8cbd55f70c-refs/branch-heads/5672@{#912}) on port 15116
Only local connections are allowed.
Please see https://chromedriver.chromium.org/security-considerations for suggestions on keeping ChromeDriver safe.
ChromeDriver was started successfully.
Jun 05, 2023 7:59:27 PM org.openqa.selenium.remote.ProtocolHandshake createSession
INFO: Detected dialect: W3C
]]></system-err>
  </testcase>
  <testcase name="validateTheHeader" classname="scripts._04_TGLocatorTest" time="0.135"/>
  <testcase name="validateFacebookInvalidLoginAttempt" classname="scripts._05_FacebookTest" time="10.56">
    <failure message="expected [The email you entered isn&apos;t connected to an account. Find your account and log in.] but found [The email you entered isn’t connected to an account. Find your account and log in.]" type="java.lang.AssertionError">java.lang.AssertionError: expected [The email you entered isn't connected to an account. Find your account and log in.] but found [The email you entered isn’t connected to an account. Find your account and log in.]
	at scripts._05_FacebookTest.validateFacebookInvalidLoginAttempt(_05_FacebookTest.java:94)
</failure>
    <system-err><![CDATA[Starting ChromeDriver 113.0.5672.63 (0e1a4471d5ae5bf128b1bd8f4d627c8cbd55f70c-refs/branch-heads/5672@{#912}) on port 29061
Only local connections are allowed.
Please see https://chromedriver.chromium.org/security-considerations for suggestions on keeping ChromeDriver safe.
ChromeDriver was started successfully.
Jun 05, 2023 7:59:51 PM org.openqa.selenium.remote.ProtocolHandshake createSession
INFO: Detected dialect: W3C
]]></system-err>
  </testcase>
  <testcase name="validateFacebookLogin" classname="scripts._05_FacebookTest" time="1.696"/>
  <testcase name="validateWikiSearch1" classname="scripts._06_WikiTest" time="3.812"/>
  <testcase name="validateWikiSearch2" classname="scripts._06_WikiTest" time="3.325"/>
  <testcase name="validateDynamicElementBox1" classname="scripts._07_TGDynamicElementsTest" time="0.178"/>
  <testcase name="validateDynamicElementBox2" classname="scripts._07_TGDynamicElementsTest" time="0.706"/>
  <testcase name="validateDynamicElementBoxes" classname="scripts._07_TGDynamicElementsTest" time="0.245"/>
  <testcase name="waitForBlueBox" classname="scripts._08_TGWaitsTest" time="36.223"/>
  <testcase name="waitForRedBox" classname="scripts._08_TGWaitsTest" time="11.12"/>
  <testcase name="checkboxTest2" classname="scripts._09_TGCheckboxTest" time="1.048"/>
  <testcase name="validateCheckboxes" classname="scripts._09_TGCheckboxTest" time="0.878"/>
  <testcase name="validatePracticeMore" classname="scripts._10_TGRadioButtonsTest" time="1.136"/>
  <testcase name="validateRadioButtons" classname="scripts._10_TGRadioButtonsTest" time="1.511"/>
  <testcase name="dropdownTestCase" classname="scripts._11_TGDropdownsTest" time="2.354"/>
  <testcase name="productColorTest" classname="scripts._11_TGDropdownsTest" time="0.509"/>
  <testcase name="productDeliveryTest" classname="scripts._11_TGDropdownsTest" time="41.912"/>
  <testcase name="productDropdownTest" classname="scripts._11_TGDropdownsTest" time="0.57"/>
  <testcase name="confirmationAlert" classname="scripts._12_TGAlertsTest" time="1.463"/>
  <testcase name="warningAlert" classname="scripts._12_TGAlertsTest" time="0.552"/>
  <testcase name="validateTheParagraph" classname="scripts._13_IFrameTest" time="1.019"/>
  <testcase name="validateTheFormSubmission" classname="scripts._13_IFrameTest" time="3.703"/>
  <testcase name="validateTheAppleNavigation" classname="scripts._14_MultipleWindowsTest" time="9.523"/>
  <testcase name="validateTheMicrosoftNavigation" classname="scripts._14_MultipleWindowsTest" time="14.168"/>
  <testcase name="validateTheTeslaNavigation" classname="scripts._14_MultipleWindowsTest" time="18.089"/>
  <testcase name="validateTheLinkURLs" classname="scripts._14_MultipleWindowsTest" time="46.437"/>
  <testcase name="validateEachCell" classname="scripts._17_TGStaticTableTest" time="0.443"/>
  <testcase name="validateFirstRow" classname="scripts._17_TGStaticTableTest" time="0.866"/>
  <testcase name="validateLastColumn" classname="scripts._17_TGStaticTableTest" time="0.334"/>
  <testcase name="validateTableHeaders" classname="scripts._17_TGStaticTableTest" time="0.424"/>
  <testcase name="validateSortAscByQuantity" classname="scripts._18_TGSortableTableTest" time="2.892"/>
  <testcase name="validateSortDscByQuantity" classname="scripts._18_TGSortableTableTest" time="0.709"/>
</testsuite>