<html>
<head>
<title>TestNG:  /Users/carmelacreata/IdeaProjects/ui_automation_6/src/test/java/scripts</title>
<link href="../testng.css" rel="stylesheet" type="text/css" />
<link href="../my-testng.css" rel="stylesheet" type="text/css" />

<style type="text/css">
.log { display: none;} 
.stack-trace { display: none;} 
</style>
<script type="text/javascript">
<!--
function flip(e) {
  current = e.style.display;
  if (current == 'block') {
    e.style.display = 'none';
    return 0;
  }
  else {
    e.style.display = 'block';
    return 1;
  }
}

function toggleBox(szDivId, elem, msg1, msg2)
{
  var res = -1;  if (document.getElementById) {
    res = flip(document.getElementById(szDivId));
  }
  else if (document.all) {
    // this is the way old msie versions work
    res = flip(document.all[szDivId]);
  }
  if(elem) {
    if(res == 0) elem.innerHTML = msg1; else elem.innerHTML = msg2;
  }

}

function toggleAllBoxes() {
  if (document.getElementsByTagName) {
    d = document.getElementsByTagName('div');
    for (i = 0; i < d.length; i++) {
      if (d[i].className == 'log') {
        flip(d[i]);
      }
    }
  }
}

// -->
</script>

</head>
<body>
<h2 align='center'>/Users/carmelacreata/IdeaProjects/ui_automation_6/src/test/java/scripts</h2><table border='1' align="center">
<tr>
<td>Tests passed/Failed/Skipped:</td><td>60/5/0</td>
</tr><tr>
<td>Started on:</td><td>Mon Jun 05 19:52:06 CDT 2023</td>
</tr>
<tr><td>Total time:</td><td>1020 seconds (1020283 ms)</td>
</tr><tr>
<td>Included groups:</td><td></td>
</tr><tr>
<td>Excluded groups:</td><td></td>
</tr>
</table><p/>
<small><i>(Hover the method name to see the test class name)</i></small><p/>
<table width='100%' border='1' class='invocation-failed'>
<tr><td colspan='4' align='center'><b>FAILED TESTS</b></td></tr>
<tr><td><b>Test method</b></td>
<td width="30%"><b>Exception</b></td>
<td width="10%"><b>Time (seconds)</b></td>
<td><b>Instance</b></td>
</tr>
<tr>
<td title='scripts._05_FacebookTest.validateFacebookInvalidLoginAttempt()'><b>validateFacebookInvalidLoginAttempt</b><br>Test class: scripts._05_FacebookTest</td>
<td><div><pre>java.lang.AssertionError: expected [The email you entered isn&apos;t connected to an account. Find your account and log in.] but found [The email you entered isn’t connected to an account. Find your account and log in.]
	at org.testng.Assert.fail(Assert.java:97)
	at org.testng.Assert.assertEqualsImpl(Assert.java:136)
	at org.testng.Assert.assertEquals(Assert.java:118)
	at org.testng.Assert.assertEquals(Assert.java:575)
	at org.testng.Assert.assertEquals(Assert.java:585)
	at scripts._05_FacebookTest.validateFacebookInvalidLoginAttempt(_05_FacebookTest.java:94)
	at sun.reflect.NativeMethodAccessorImpl.invoke0(Native Method)
	at sun.reflect.NativeMethodAccessorImpl.invoke(NativeMethodAccessorImpl.java:62)
	at sun.reflect.DelegatingMethodAccessorImpl.invoke(DelegatingMethodAccessorImpl.java:43)
	at java.lang.reflect.Method.invoke(Method.java:498)
	at org.testng.internal.MethodInvocationHelper.invokeMethod(MethodInvocationHelper.java:134)
	at org.testng.internal.TestInvoker.invokeMethod(TestInvoker.java:597)
	at org.testng.internal.TestInvoker.invokeTestMethod(TestInvoker.java:173)
	at org.testng.internal.MethodRunner.runInSequence(MethodRunner.java:46)
	at org.testng.internal.TestInvoker$MethodInvocationAgent.invoke(TestInvoker.java:816)
	at org.testng.internal.TestInvoker.invokeTestMethods(TestInvoker.java:146)
	at org.testng.internal.TestMethodWorker.invokeTestMethods(TestMethodWorker.java:146)
	at org.testng.internal.TestMethodWorker.run(TestMethodWorker.java:128)
	at java.util.ArrayList.forEach(ArrayList.java:1259)
	at org.testng.TestRunner.privateRun(TestRunner.java:766)
	at org.testng.TestRunner.run(TestRunner.java:587)
	at org.testng.SuiteRunner.runTest(SuiteRunner.java:384)
	at org.testng.SuiteRunner.runSequentially(SuiteRunner.java:378)
	at org.testng.SuiteRunner.privateRun(SuiteRunner.java:337)
	at org.testng.SuiteRunner.run(SuiteRunner.java:286)
	at org.testng.SuiteRunnerWorker.runSuite(SuiteRunnerWorker.java:53)
	at org.testng.SuiteRunnerWorker.run(SuiteRunnerWorker.java:96)
	at org.testng.TestNG.runSuitesSequentially(TestNG.java:1187)
	at org.testng.TestNG.runSuitesLocally(TestNG.java:1109)
	at org.testng.TestNG.runSuites(TestNG.java:1039)
	at org.testng.TestNG.run(TestNG.java:1007)
	at org.apache.maven.surefire.testng.TestNGExecutor.run(TestNGExecutor.java:281)
	at org.apache.maven.surefire.testng.TestNGXmlTestSuite.execute(TestNGXmlTestSuite.java:75)
	at org.apache.maven.surefire.testng.TestNGProvider.invoke(TestNGProvider.java:121)
	at org.apache.maven.surefire.booter.ForkedBooter.invokeProviderInSameClassLoader(ForkedBooter.java:290)
	at org.apache.maven.surefire.booter.ForkedBooter.runSuitesInProcess(ForkedBooter.java:242)
	at org.apache.maven.surefire.booter.ForkedBooter.main(ForkedBooter.java:121)
</pre></div><a href='#' onClick='toggleBox("stack-trace2114163679", this, "Click to show all stack frames", "Click to hide stack frames")'>Click to show all stack frames</a>
<div class='stack-trace' id='stack-trace2114163679'><pre>java.lang.AssertionError: expected [The email you entered isn&apos;t connected to an account. Find your account and log in.] but found [The email you entered isn’t connected to an account. Find your account and log in.]
	at org.testng.Assert.fail(Assert.java:97)
	at org.testng.Assert.assertEqualsImpl(Assert.java:136)
	at org.testng.Assert.assertEquals(Assert.java:118)
	at org.testng.Assert.assertEquals(Assert.java:575)
	at org.testng.Assert.assertEquals(Assert.java:585)
	at scripts._05_FacebookTest.validateFacebookInvalidLoginAttempt(_05_FacebookTest.java:94)
	at sun.reflect.NativeMethodAccessorImpl.invoke0(Native Method)
	at sun.reflect.NativeMethodAccessorImpl.invoke(NativeMethodAccessorImpl.java:62)
	at sun.reflect.DelegatingMethodAccessorImpl.invoke(DelegatingMethodAccessorImpl.java:43)
	at java.lang.reflect.Method.invoke(Method.java:498)
	at org.testng.internal.MethodInvocationHelper.invokeMethod(MethodInvocationHelper.java:134)
	at org.testng.internal.TestInvoker.invokeMethod(TestInvoker.java:597)
	at org.testng.internal.TestInvoker.invokeTestMethod(TestInvoker.java:173)
	at org.testng.internal.MethodRunner.runInSequence(MethodRunner.java:46)
	at org.testng.internal.TestInvoker$MethodInvocationAgent.invoke(TestInvoker.java:816)
	at org.testng.internal.TestInvoker.invokeTestMethods(TestInvoker.java:146)
	at org.testng.internal.TestMethodWorker.invokeTestMethods(TestMethodWorker.java:146)
	at org.testng.internal.TestMethodWorker.run(TestMethodWorker.java:128)
	at java.util.ArrayList.forEach(ArrayList.java:1259)
	at org.testng.TestRunner.privateRun(TestRunner.java:766)
	at org.testng.TestRunner.run(TestRunner.java:587)
	at org.testng.SuiteRunner.runTest(SuiteRunner.java:384)
	at org.testng.SuiteRunner.runSequentially(SuiteRunner.java:378)
	at org.testng.SuiteRunner.privateRun(SuiteRunner.java:337)
	at org.testng.SuiteRunner.run(SuiteRunner.java:286)
	at org.testng.SuiteRunnerWorker.runSuite(SuiteRunnerWorker.java:53)
	at org.testng.SuiteRunnerWorker.run(SuiteRunnerWorker.java:96)
	at org.testng.TestNG.runSuitesSequentially(TestNG.java:1187)
	at org.testng.TestNG.runSuitesLocally(TestNG.java:1109)
	at org.testng.TestNG.runSuites(TestNG.java:1039)
	at org.testng.TestNG.run(TestNG.java:1007)
	at org.apache.maven.surefire.testng.TestNGExecutor.run(TestNGExecutor.java:281)
	at org.apache.maven.surefire.testng.TestNGXmlTestSuite.execute(TestNGXmlTestSuite.java:75)
	at org.apache.maven.surefire.testng.TestNGProvider.invoke(TestNGProvider.java:121)
	at org.apache.maven.surefire.booter.ForkedBooter.invokeProviderInSameClassLoader(ForkedBooter.java:290)
	at org.apache.maven.surefire.booter.ForkedBooter.runSuitesInProcess(ForkedBooter.java:242)
	at org.apache.maven.surefire.booter.ForkedBooter.main(ForkedBooter.java:121)
</pre></div></td>
<td>10</td>
<td>scripts._05_FacebookTest@10bdf5e5</td></tr>
<tr>
<td title='scripts._04_TGLocatorTest.validateListHeaders()'><b>validateListHeaders</b><br>Test class: scripts._04_TGLocatorTest</td>
<td><div><pre>org.openqa.selenium.InvalidSelectorException: invalid selector: Unable to locate an element with the xpath expression .Xpath_subheader__VOtsU because of the following error:
SyntaxError: Failed to execute &apos;evaluate&apos; on &apos;Document&apos;: The string &apos;.Xpath_subheader__VOtsU&apos; is not a valid XPath expression.
  (Session info: chrome=113.0.5672.126)
For documentation on this error, please visit: https://www.seleniumhq.org/exceptions/invalid_selector_exception.html
Build info: version: &apos;3.141.59&apos;, revision: &apos;e82be7d358&apos;, time: &apos;2018-11-14T08:17:03&apos;
System info: host: &apos;Carmelas-MacBook-Air.local&apos;, ip: &apos;2601:249:9382:dab0:0:0:0:22a2%en0&apos;, os.name: &apos;Mac OS X&apos;, os.arch: &apos;x86_64&apos;, os.version: &apos;13.3.1&apos;, java.version: &apos;1.8.0_361&apos;
Driver info: org.openqa.selenium.chrome.ChromeDriver
Capabilities {acceptInsecureCerts: false, browserName: chrome, browserVersion: 113.0.5672.126, chrome: {chromedriverVersion: 113.0.5672.63 (0e1a4471d5ae..., userDataDir: /var/folders/jp/_bpmzzh9063...}, goog:chromeOptions: {debuggerAddress: localhost:53667}, javascriptEnabled: true, networkConnectionEnabled: false, pageLoadStrategy: normal, platform: MAC, platformName: MAC, proxy: Proxy(), setWindowRect: true, strictFileInteractability: false, timeouts: {implicit: 0, pageLoad: 300000, script: 30000}, unhandledPromptBehavior: dismiss and notify, webauthn:extension:credBlob: true, webauthn:extension:largeBlob: true, webauthn:extension:minPinLength: true, webauthn:extension:prf: true, webauthn:virtualAuthenticators: true}
Session ID: ec66964d68e6b2ac100b84b0f588b3e3
*** Element info: {Using=xpath, value=.Xpath_subheader__VOtsU}
	at sun.reflect.NativeConstructorAccessorImpl.newInstance0(Native Method)
	at sun.reflect.NativeConstructorAccessorImpl.newInstance(NativeConstructorAccessorImpl.java:62)
	at sun.reflect.DelegatingConstructorAccessorImpl.newInstance(DelegatingConstructorAccessorImpl.java:45)
	at java.lang.reflect.Constructor.newInstance(Constructor.java:423)
	at org.openqa.selenium.remote.http.W3CHttpResponseCodec.createException(W3CHttpResponseCodec.java:187)
	at org.openqa.selenium.remote.http.W3CHttpResponseCodec.decode(W3CHttpResponseCodec.java:122)
	at org.openqa.selenium.remote.http.W3CHttpResponseCodec.decode(W3CHttpResponseCodec.java:49)
	at org.openqa.selenium.remote.HttpCommandExecutor.execute(HttpCommandExecutor.java:158)
	at org.openqa.selenium.remote.service.DriverCommandExecutor.execute(DriverCommandExecutor.java:83)
	at org.openqa.selenium.remote.RemoteWebDriver.execute(RemoteWebDriver.java:552)
	at org.openqa.selenium.remote.RemoteWebDriver.findElements(RemoteWebDriver.java:353)
	at org.openqa.selenium.remote.RemoteWebDriver.findElementsByXPath(RemoteWebDriver.java:432)
	at org.openqa.selenium.By$ByXPath.findElements(By.java:348)
	at org.openqa.selenium.remote.RemoteWebDriver.findElements(RemoteWebDriver.java:311)
	at scripts._04_TGLocatorTest.validateListHeaders(_04_TGLocatorTest.java:83)
	at sun.reflect.NativeMethodAccessorImpl.invoke0(Native Method)
	at sun.reflect.NativeMethodAccessorImpl.invoke(NativeMethodAccessorImpl.java:62)
	at sun.reflect.DelegatingMethodAccessorImpl.invoke(DelegatingMethodAccessorImpl.java:43)
	at java.lang.reflect.Method.invoke(Method.java:498)
	at org.testng.internal.MethodInvocationHelper.invokeMethod(MethodInvocationHelper.java:134)
	at org.testng.internal.TestInvoker.invokeMethod(TestInvoker.java:597)
	at org.testng.internal.TestInvoker.invokeTestMethod(TestInvoker.java:173)
	at org.testng.internal.MethodRunner.runInSequence(MethodRunner.java:46)
	at org.testng.internal.TestInvoker$MethodInvocationAgent.invoke(TestInvoker.java:816)
	at org.testng.internal.TestInvoker.invokeTestMethods(TestInvoker.java:146)
	at org.testng.internal.TestMethodWorker.invokeTestMethods(TestMethodWorker.java:146)
	at org.testng.internal.TestMethodWorker.run(TestMethodWorker.java:128)
	at java.util.ArrayList.forEach(ArrayList.java:1259)
	at org.testng.TestRunner.privateRun(TestRunner.java:766)
	at org.testng.TestRunner.run(TestRunner.java:587)
	at org.testng.SuiteRunner.runTest(SuiteRunner.java:384)
	at org.testng.SuiteRunner.runSequentially(SuiteRunner.java:378)
	at org.testng.SuiteRunner.privateRun(SuiteRunner.java:337)
	at org.testng.SuiteRunner.run(SuiteRunner.java:286)
	at org.testng.SuiteRunnerWorker.runSuite(SuiteRunnerWorker.java:53)
	at org.testng.SuiteRunnerWorker.run(SuiteRunnerWorker.java:96)
	at org.testng.TestNG.runSuitesSequentially(TestNG.java:1187)
	at org.testng.TestNG.runSuitesLocally(TestNG.java:1109)
	at org.testng.TestNG.runSuites(TestNG.java:1039)
	at org.testng.TestNG.run(TestNG.java:1007)
	at org.apache.maven.surefire.testng.TestNGExecutor.run(TestNGExecutor.java:281)
	at org.apache.maven.surefire.testng.TestNGXmlTestSuite.execute(TestNGXmlTestSuite.java:75)
	at org.apache.maven.surefire.testng.TestNGProvider.invoke(TestNGProvider.java:121)
	at org.apache.maven.surefire.booter.ForkedBooter.invokeProviderInSameClassLoader(ForkedBooter.java:290)
	at org.apache.maven.surefire.booter.ForkedBooter.runSuitesInProcess(ForkedBooter.java:242)
	at org.apache.maven.surefire.booter.ForkedBooter.main(ForkedBooter.java:121)
</pre></div><a href='#' onClick='toggleBox("stack-trace1767245853", this, "Click to show all stack frames", "Click to hide stack frames")'>Click to show all stack frames</a>
<div class='stack-trace' id='stack-trace1767245853'><pre>org.openqa.selenium.InvalidSelectorException: invalid selector: Unable to locate an element with the xpath expression .Xpath_subheader__VOtsU because of the following error:
SyntaxError: Failed to execute &apos;evaluate&apos; on &apos;Document&apos;: The string &apos;.Xpath_subheader__VOtsU&apos; is not a valid XPath expression.
  (Session info: chrome=113.0.5672.126)
For documentation on this error, please visit: https://www.seleniumhq.org/exceptions/invalid_selector_exception.html
Build info: version: &apos;3.141.59&apos;, revision: &apos;e82be7d358&apos;, time: &apos;2018-11-14T08:17:03&apos;
System info: host: &apos;Carmelas-MacBook-Air.local&apos;, ip: &apos;2601:249:9382:dab0:0:0:0:22a2%en0&apos;, os.name: &apos;Mac OS X&apos;, os.arch: &apos;x86_64&apos;, os.version: &apos;13.3.1&apos;, java.version: &apos;1.8.0_361&apos;
Driver info: org.openqa.selenium.chrome.ChromeDriver
Capabilities {acceptInsecureCerts: false, browserName: chrome, browserVersion: 113.0.5672.126, chrome: {chromedriverVersion: 113.0.5672.63 (0e1a4471d5ae..., userDataDir: /var/folders/jp/_bpmzzh9063...}, goog:chromeOptions: {debuggerAddress: localhost:53667}, javascriptEnabled: true, networkConnectionEnabled: false, pageLoadStrategy: normal, platform: MAC, platformName: MAC, proxy: Proxy(), setWindowRect: true, strictFileInteractability: false, timeouts: {implicit: 0, pageLoad: 300000, script: 30000}, unhandledPromptBehavior: dismiss and notify, webauthn:extension:credBlob: true, webauthn:extension:largeBlob: true, webauthn:extension:minPinLength: true, webauthn:extension:prf: true, webauthn:virtualAuthenticators: true}
Session ID: ec66964d68e6b2ac100b84b0f588b3e3
*** Element info: {Using=xpath, value=.Xpath_subheader__VOtsU}
	at sun.reflect.NativeConstructorAccessorImpl.newInstance0(Native Method)
	at sun.reflect.NativeConstructorAccessorImpl.newInstance(NativeConstructorAccessorImpl.java:62)
	at sun.reflect.DelegatingConstructorAccessorImpl.newInstance(DelegatingConstructorAccessorImpl.java:45)
	at java.lang.reflect.Constructor.newInstance(Constructor.java:423)
	at org.openqa.selenium.remote.http.W3CHttpResponseCodec.createException(W3CHttpResponseCodec.java:187)
	at org.openqa.selenium.remote.http.W3CHttpResponseCodec.decode(W3CHttpResponseCodec.java:122)
	at org.openqa.selenium.remote.http.W3CHttpResponseCodec.decode(W3CHttpResponseCodec.java:49)
	at org.openqa.selenium.remote.HttpCommandExecutor.execute(HttpCommandExecutor.java:158)
	at org.openqa.selenium.remote.service.DriverCommandExecutor.execute(DriverCommandExecutor.java:83)
	at org.openqa.selenium.remote.RemoteWebDriver.execute(RemoteWebDriver.java:552)
	at org.openqa.selenium.remote.RemoteWebDriver.findElements(RemoteWebDriver.java:353)
	at org.openqa.selenium.remote.RemoteWebDriver.findElementsByXPath(RemoteWebDriver.java:432)
	at org.openqa.selenium.By$ByXPath.findElements(By.java:348)
	at org.openqa.selenium.remote.RemoteWebDriver.findElements(RemoteWebDriver.java:311)
	at scripts._04_TGLocatorTest.validateListHeaders(_04_TGLocatorTest.java:83)
	at sun.reflect.NativeMethodAccessorImpl.invoke0(Native Method)
	at sun.reflect.NativeMethodAccessorImpl.invoke(NativeMethodAccessorImpl.java:62)
	at sun.reflect.DelegatingMethodAccessorImpl.invoke(DelegatingMethodAccessorImpl.java:43)
	at java.lang.reflect.Method.invoke(Method.java:498)
	at org.testng.internal.MethodInvocationHelper.invokeMethod(MethodInvocationHelper.java:134)
	at org.testng.internal.TestInvoker.invokeMethod(TestInvoker.java:597)
	at org.testng.internal.TestInvoker.invokeTestMethod(TestInvoker.java:173)
	at org.testng.internal.MethodRunner.runInSequence(MethodRunner.java:46)
	at org.testng.internal.TestInvoker$MethodInvocationAgent.invoke(TestInvoker.java:816)
	at org.testng.internal.TestInvoker.invokeTestMethods(TestInvoker.java:146)
	at org.testng.internal.TestMethodWorker.invokeTestMethods(TestMethodWorker.java:146)
	at org.testng.internal.TestMethodWorker.run(TestMethodWorker.java:128)
	at java.util.ArrayList.forEach(ArrayList.java:1259)
	at org.testng.TestRunner.privateRun(TestRunner.java:766)
	at org.testng.TestRunner.run(TestRunner.java:587)
	at org.testng.SuiteRunner.runTest(SuiteRunner.java:384)
	at org.testng.SuiteRunner.runSequentially(SuiteRunner.java:378)
	at org.testng.SuiteRunner.privateRun(SuiteRunner.java:337)
	at org.testng.SuiteRunner.run(SuiteRunner.java:286)
	at org.testng.SuiteRunnerWorker.runSuite(SuiteRunnerWorker.java:53)
	at org.testng.SuiteRunnerWorker.run(SuiteRunnerWorker.java:96)
	at org.testng.TestNG.runSuitesSequentially(TestNG.java:1187)
	at org.testng.TestNG.runSuitesLocally(TestNG.java:1109)
	at org.testng.TestNG.runSuites(TestNG.java:1039)
	at org.testng.TestNG.run(TestNG.java:1007)
	at org.apache.maven.surefire.testng.TestNGExecutor.run(TestNGExecutor.java:281)
	at org.apache.maven.surefire.testng.TestNGXmlTestSuite.execute(TestNGXmlTestSuite.java:75)
	at org.apache.maven.surefire.testng.TestNGProvider.invoke(TestNGProvider.java:121)
	at org.apache.maven.surefire.booter.ForkedBooter.invokeProviderInSameClassLoader(ForkedBooter.java:290)
	at org.apache.maven.surefire.booter.ForkedBooter.runSuitesInProcess(ForkedBooter.java:242)
	at org.apache.maven.surefire.booter.ForkedBooter.main(ForkedBooter.java:121)
</pre></div></td>
<td>0</td>
<td>scripts._04_TGLocatorTest@dc24521</td></tr>
<tr>
<td title='scripts._02_Project.validateResetPasswordModal()'><b>validateResetPasswordModal</b><br>Test class: scripts._02_Project<br>Test method: Validate the Reset Password modal close button</td>
<td><div><pre>org.openqa.selenium.NoSuchElementException: no such element: Unable to locate element: {&quot;method&quot;:&quot;css selector&quot;,&quot;selector&quot;:&quot;.\.modal\-card\-body&quot;}
  (Session info: chrome=113.0.5672.126)
For documentation on this error, please visit: https://www.seleniumhq.org/exceptions/no_such_element.html
Build info: version: &apos;3.141.59&apos;, revision: &apos;e82be7d358&apos;, time: &apos;2018-11-14T08:17:03&apos;
System info: host: &apos;Carmelas-MacBook-Air.local&apos;, ip: &apos;2601:249:9382:dab0:0:0:0:22a2%en0&apos;, os.name: &apos;Mac OS X&apos;, os.arch: &apos;x86_64&apos;, os.version: &apos;13.3.1&apos;, java.version: &apos;1.8.0_361&apos;
Driver info: org.openqa.selenium.chrome.ChromeDriver
Capabilities {acceptInsecureCerts: false, browserName: chrome, browserVersion: 113.0.5672.126, chrome: {chromedriverVersion: 113.0.5672.63 (0e1a4471d5ae..., userDataDir: /var/folders/jp/_bpmzzh9063...}, goog:chromeOptions: {debuggerAddress: localhost:53363}, javascriptEnabled: true, networkConnectionEnabled: false, pageLoadStrategy: normal, platform: MAC, platformName: MAC, proxy: Proxy(), setWindowRect: true, strictFileInteractability: false, timeouts: {implicit: 0, pageLoad: 300000, script: 30000}, unhandledPromptBehavior: dismiss and notify, webauthn:extension:credBlob: true, webauthn:extension:largeBlob: true, webauthn:extension:minPinLength: true, webauthn:extension:prf: true, webauthn:virtualAuthenticators: true}
Session ID: 96d9aa8e7f5c68167328a86820915401
*** Element info: {Using=class name, value=.modal-card-body}
	at sun.reflect.NativeConstructorAccessorImpl.newInstance0(Native Method)
	at sun.reflect.NativeConstructorAccessorImpl.newInstance(NativeConstructorAccessorImpl.java:62)
	at sun.reflect.DelegatingConstructorAccessorImpl.newInstance(DelegatingConstructorAccessorImpl.java:45)
	at java.lang.reflect.Constructor.newInstance(Constructor.java:423)
	at org.openqa.selenium.remote.http.W3CHttpResponseCodec.createException(W3CHttpResponseCodec.java:187)
	at org.openqa.selenium.remote.http.W3CHttpResponseCodec.decode(W3CHttpResponseCodec.java:122)
	at org.openqa.selenium.remote.http.W3CHttpResponseCodec.decode(W3CHttpResponseCodec.java:49)
	at org.openqa.selenium.remote.HttpCommandExecutor.execute(HttpCommandExecutor.java:158)
	at org.openqa.selenium.remote.service.DriverCommandExecutor.execute(DriverCommandExecutor.java:83)
	at org.openqa.selenium.remote.RemoteWebDriver.execute(RemoteWebDriver.java:552)
	at org.openqa.selenium.remote.RemoteWebDriver.findElement(RemoteWebDriver.java:323)
	at org.openqa.selenium.remote.RemoteWebDriver.findElementByClassName(RemoteWebDriver.java:412)
	at org.openqa.selenium.By$ByClassName.findElement(By.java:389)
	at org.openqa.selenium.remote.RemoteWebDriver.findElement(RemoteWebDriver.java:315)
	at scripts._02_Project.validateResetPasswordModal(_02_Project.java:100)
	at sun.reflect.NativeMethodAccessorImpl.invoke0(Native Method)
	at sun.reflect.NativeMethodAccessorImpl.invoke(NativeMethodAccessorImpl.java:62)
	at sun.reflect.DelegatingMethodAccessorImpl.invoke(DelegatingMethodAccessorImpl.java:43)
	at java.lang.reflect.Method.invoke(Method.java:498)
	at org.testng.internal.MethodInvocationHelper.invokeMethod(MethodInvocationHelper.java:134)
	at org.testng.internal.TestInvoker.invokeMethod(TestInvoker.java:597)
	at org.testng.internal.TestInvoker.invokeTestMethod(TestInvoker.java:173)
	at org.testng.internal.MethodRunner.runInSequence(MethodRunner.java:46)
	at org.testng.internal.TestInvoker$MethodInvocationAgent.invoke(TestInvoker.java:816)
	at org.testng.internal.TestInvoker.invokeTestMethods(TestInvoker.java:146)
	at org.testng.internal.TestMethodWorker.invokeTestMethods(TestMethodWorker.java:146)
	at org.testng.internal.TestMethodWorker.run(TestMethodWorker.java:128)
	at java.util.ArrayList.forEach(ArrayList.java:1259)
	at org.testng.TestRunner.privateRun(TestRunner.java:766)
	at org.testng.TestRunner.run(TestRunner.java:587)
	at org.testng.SuiteRunner.runTest(SuiteRunner.java:384)
	at org.testng.SuiteRunner.runSequentially(SuiteRunner.java:378)
	at org.testng.SuiteRunner.privateRun(SuiteRunner.java:337)
	at org.testng.SuiteRunner.run(SuiteRunner.java:286)
	at org.testng.SuiteRunnerWorker.runSuite(SuiteRunnerWorker.java:53)
	at org.testng.SuiteRunnerWorker.run(SuiteRunnerWorker.java:96)
	at org.testng.TestNG.runSuitesSequentially(TestNG.java:1187)
	at org.testng.TestNG.runSuitesLocally(TestNG.java:1109)
	at org.testng.TestNG.runSuites(TestNG.java:1039)
	at org.testng.TestNG.run(TestNG.java:1007)
	at org.apache.maven.surefire.testng.TestNGExecutor.run(TestNGExecutor.java:281)
	at org.apache.maven.surefire.testng.TestNGXmlTestSuite.execute(TestNGXmlTestSuite.java:75)
	at org.apache.maven.surefire.testng.TestNGProvider.invoke(TestNGProvider.java:121)
	at org.apache.maven.surefire.booter.ForkedBooter.invokeProviderInSameClassLoader(ForkedBooter.java:290)
	at org.apache.maven.surefire.booter.ForkedBooter.runSuitesInProcess(ForkedBooter.java:242)
	at org.apache.maven.surefire.booter.ForkedBooter.main(ForkedBooter.java:121)
</pre></div><a href='#' onClick='toggleBox("stack-trace625788232", this, "Click to show all stack frames", "Click to hide stack frames")'>Click to show all stack frames</a>
<div class='stack-trace' id='stack-trace625788232'><pre>org.openqa.selenium.NoSuchElementException: no such element: Unable to locate element: {&quot;method&quot;:&quot;css selector&quot;,&quot;selector&quot;:&quot;.\.modal\-card\-body&quot;}
  (Session info: chrome=113.0.5672.126)
For documentation on this error, please visit: https://www.seleniumhq.org/exceptions/no_such_element.html
Build info: version: &apos;3.141.59&apos;, revision: &apos;e82be7d358&apos;, time: &apos;2018-11-14T08:17:03&apos;
System info: host: &apos;Carmelas-MacBook-Air.local&apos;, ip: &apos;2601:249:9382:dab0:0:0:0:22a2%en0&apos;, os.name: &apos;Mac OS X&apos;, os.arch: &apos;x86_64&apos;, os.version: &apos;13.3.1&apos;, java.version: &apos;1.8.0_361&apos;
Driver info: org.openqa.selenium.chrome.ChromeDriver
Capabilities {acceptInsecureCerts: false, browserName: chrome, browserVersion: 113.0.5672.126, chrome: {chromedriverVersion: 113.0.5672.63 (0e1a4471d5ae..., userDataDir: /var/folders/jp/_bpmzzh9063...}, goog:chromeOptions: {debuggerAddress: localhost:53363}, javascriptEnabled: true, networkConnectionEnabled: false, pageLoadStrategy: normal, platform: MAC, platformName: MAC, proxy: Proxy(), setWindowRect: true, strictFileInteractability: false, timeouts: {implicit: 0, pageLoad: 300000, script: 30000}, unhandledPromptBehavior: dismiss and notify, webauthn:extension:credBlob: true, webauthn:extension:largeBlob: true, webauthn:extension:minPinLength: true, webauthn:extension:prf: true, webauthn:virtualAuthenticators: true}
Session ID: 96d9aa8e7f5c68167328a86820915401
*** Element info: {Using=class name, value=.modal-card-body}
	at sun.reflect.NativeConstructorAccessorImpl.newInstance0(Native Method)
	at sun.reflect.NativeConstructorAccessorImpl.newInstance(NativeConstructorAccessorImpl.java:62)
	at sun.reflect.DelegatingConstructorAccessorImpl.newInstance(DelegatingConstructorAccessorImpl.java:45)
	at java.lang.reflect.Constructor.newInstance(Constructor.java:423)
	at org.openqa.selenium.remote.http.W3CHttpResponseCodec.createException(W3CHttpResponseCodec.java:187)
	at org.openqa.selenium.remote.http.W3CHttpResponseCodec.decode(W3CHttpResponseCodec.java:122)
	at org.openqa.selenium.remote.http.W3CHttpResponseCodec.decode(W3CHttpResponseCodec.java:49)
	at org.openqa.selenium.remote.HttpCommandExecutor.execute(HttpCommandExecutor.java:158)
	at org.openqa.selenium.remote.service.DriverCommandExecutor.execute(DriverCommandExecutor.java:83)
	at org.openqa.selenium.remote.RemoteWebDriver.execute(RemoteWebDriver.java:552)
	at org.openqa.selenium.remote.RemoteWebDriver.findElement(RemoteWebDriver.java:323)
	at org.openqa.selenium.remote.RemoteWebDriver.findElementByClassName(RemoteWebDriver.java:412)
	at org.openqa.selenium.By$ByClassName.findElement(By.java:389)
	at org.openqa.selenium.remote.RemoteWebDriver.findElement(RemoteWebDriver.java:315)
	at scripts._02_Project.validateResetPasswordModal(_02_Project.java:100)
	at sun.reflect.NativeMethodAccessorImpl.invoke0(Native Method)
	at sun.reflect.NativeMethodAccessorImpl.invoke(NativeMethodAccessorImpl.java:62)
	at sun.reflect.DelegatingMethodAccessorImpl.invoke(DelegatingMethodAccessorImpl.java:43)
	at java.lang.reflect.Method.invoke(Method.java:498)
	at org.testng.internal.MethodInvocationHelper.invokeMethod(MethodInvocationHelper.java:134)
	at org.testng.internal.TestInvoker.invokeMethod(TestInvoker.java:597)
	at org.testng.internal.TestInvoker.invokeTestMethod(TestInvoker.java:173)
	at org.testng.internal.MethodRunner.runInSequence(MethodRunner.java:46)
	at org.testng.internal.TestInvoker$MethodInvocationAgent.invoke(TestInvoker.java:816)
	at org.testng.internal.TestInvoker.invokeTestMethods(TestInvoker.java:146)
	at org.testng.internal.TestMethodWorker.invokeTestMethods(TestMethodWorker.java:146)
	at org.testng.internal.TestMethodWorker.run(TestMethodWorker.java:128)
	at java.util.ArrayList.forEach(ArrayList.java:1259)
	at org.testng.TestRunner.privateRun(TestRunner.java:766)
	at org.testng.TestRunner.run(TestRunner.java:587)
	at org.testng.SuiteRunner.runTest(SuiteRunner.java:384)
	at org.testng.SuiteRunner.runSequentially(SuiteRunner.java:378)
	at org.testng.SuiteRunner.privateRun(SuiteRunner.java:337)
	at org.testng.SuiteRunner.run(SuiteRunner.java:286)
	at org.testng.SuiteRunnerWorker.runSuite(SuiteRunnerWorker.java:53)
	at org.testng.SuiteRunnerWorker.run(SuiteRunnerWorker.java:96)
	at org.testng.TestNG.runSuitesSequentially(TestNG.java:1187)
	at org.testng.TestNG.runSuitesLocally(TestNG.java:1109)
	at org.testng.TestNG.runSuites(TestNG.java:1039)
	at org.testng.TestNG.run(TestNG.java:1007)
	at org.apache.maven.surefire.testng.TestNGExecutor.run(TestNGExecutor.java:281)
	at org.apache.maven.surefire.testng.TestNGXmlTestSuite.execute(TestNGXmlTestSuite.java:75)
	at org.apache.maven.surefire.testng.TestNGProvider.invoke(TestNGProvider.java:121)
	at org.apache.maven.surefire.booter.ForkedBooter.invokeProviderInSameClassLoader(ForkedBooter.java:290)
	at org.apache.maven.surefire.booter.ForkedBooter.runSuitesInProcess(ForkedBooter.java:242)
	at org.apache.maven.surefire.booter.ForkedBooter.main(ForkedBooter.java:121)
</pre></div></td>
<td>42</td>
<td>scripts._02_Project@55d56113</td></tr>
<tr>
<td title='scripts._01_Project.validateTheContactUsInformation()'><b>validateTheContactUsInformation</b><br>Test class: scripts._01_Project<br>Test method: Test Case 01 - Validate the Contact Us information</td>
<td><div><pre>java.lang.AssertionError: expected [2860 S River Rd Suite 350, Des Plaines IL 60018] but found [2860 S River Rd Suite 480, Des Plaines, IL 60018]
	at org.testng.Assert.fail(Assert.java:97)
	at org.testng.Assert.assertEqualsImpl(Assert.java:136)
	at org.testng.Assert.assertEquals(Assert.java:118)
	at org.testng.Assert.assertEquals(Assert.java:575)
	at org.testng.Assert.assertEquals(Assert.java:585)
	at scripts._01_Project.validateTheContactUsInformation(_01_Project.java:38)
	at sun.reflect.NativeMethodAccessorImpl.invoke0(Native Method)
	at sun.reflect.NativeMethodAccessorImpl.invoke(NativeMethodAccessorImpl.java:62)
	at sun.reflect.DelegatingMethodAccessorImpl.invoke(DelegatingMethodAccessorImpl.java:43)
	at java.lang.reflect.Method.invoke(Method.java:498)
	at org.testng.internal.MethodInvocationHelper.invokeMethod(MethodInvocationHelper.java:134)
	at org.testng.internal.TestInvoker.invokeMethod(TestInvoker.java:597)
	at org.testng.internal.TestInvoker.invokeTestMethod(TestInvoker.java:173)
	at org.testng.internal.MethodRunner.runInSequence(MethodRunner.java:46)
	at org.testng.internal.TestInvoker$MethodInvocationAgent.invoke(TestInvoker.java:816)
	at org.testng.internal.TestInvoker.invokeTestMethods(TestInvoker.java:146)
	at org.testng.internal.TestMethodWorker.invokeTestMethods(TestMethodWorker.java:146)
	at org.testng.internal.TestMethodWorker.run(TestMethodWorker.java:128)
	at java.util.ArrayList.forEach(ArrayList.java:1259)
	at org.testng.TestRunner.privateRun(TestRunner.java:766)
	at org.testng.TestRunner.run(TestRunner.java:587)
	at org.testng.SuiteRunner.runTest(SuiteRunner.java:384)
	at org.testng.SuiteRunner.runSequentially(SuiteRunner.java:378)
	at org.testng.SuiteRunner.privateRun(SuiteRunner.java:337)
	at org.testng.SuiteRunner.run(SuiteRunner.java:286)
	at org.testng.SuiteRunnerWorker.runSuite(SuiteRunnerWorker.java:53)
	at org.testng.SuiteRunnerWorker.run(SuiteRunnerWorker.java:96)
	at org.testng.TestNG.runSuitesSequentially(TestNG.java:1187)
	at org.testng.TestNG.runSuitesLocally(TestNG.java:1109)
	at org.testng.TestNG.runSuites(TestNG.java:1039)
	at org.testng.TestNG.run(TestNG.java:1007)
	at org.apache.maven.surefire.testng.TestNGExecutor.run(TestNGExecutor.java:281)
	at org.apache.maven.surefire.testng.TestNGXmlTestSuite.execute(TestNGXmlTestSuite.java:75)
	at org.apache.maven.surefire.testng.TestNGProvider.invoke(TestNGProvider.java:121)
	at org.apache.maven.surefire.booter.ForkedBooter.invokeProviderInSameClassLoader(ForkedBooter.java:290)
	at org.apache.maven.surefire.booter.ForkedBooter.runSuitesInProcess(ForkedBooter.java:242)
	at org.apache.maven.surefire.booter.ForkedBooter.main(ForkedBooter.java:121)
</pre></div><a href='#' onClick='toggleBox("stack-trace1420810053", this, "Click to show all stack frames", "Click to hide stack frames")'>Click to show all stack frames</a>
<div class='stack-trace' id='stack-trace1420810053'><pre>java.lang.AssertionError: expected [2860 S River Rd Suite 350, Des Plaines IL 60018] but found [2860 S River Rd Suite 480, Des Plaines, IL 60018]
	at org.testng.Assert.fail(Assert.java:97)
	at org.testng.Assert.assertEqualsImpl(Assert.java:136)
	at org.testng.Assert.assertEquals(Assert.java:118)
	at org.testng.Assert.assertEquals(Assert.java:575)
	at org.testng.Assert.assertEquals(Assert.java:585)
	at scripts._01_Project.validateTheContactUsInformation(_01_Project.java:38)
	at sun.reflect.NativeMethodAccessorImpl.invoke0(Native Method)
	at sun.reflect.NativeMethodAccessorImpl.invoke(NativeMethodAccessorImpl.java:62)
	at sun.reflect.DelegatingMethodAccessorImpl.invoke(DelegatingMethodAccessorImpl.java:43)
	at java.lang.reflect.Method.invoke(Method.java:498)
	at org.testng.internal.MethodInvocationHelper.invokeMethod(MethodInvocationHelper.java:134)
	at org.testng.internal.TestInvoker.invokeMethod(TestInvoker.java:597)
	at org.testng.internal.TestInvoker.invokeTestMethod(TestInvoker.java:173)
	at org.testng.internal.MethodRunner.runInSequence(MethodRunner.java:46)
	at org.testng.internal.TestInvoker$MethodInvocationAgent.invoke(TestInvoker.java:816)
	at org.testng.internal.TestInvoker.invokeTestMethods(TestInvoker.java:146)
	at org.testng.internal.TestMethodWorker.invokeTestMethods(TestMethodWorker.java:146)
	at org.testng.internal.TestMethodWorker.run(TestMethodWorker.java:128)
	at java.util.ArrayList.forEach(ArrayList.java:1259)
	at org.testng.TestRunner.privateRun(TestRunner.java:766)
	at org.testng.TestRunner.run(TestRunner.java:587)
	at org.testng.SuiteRunner.runTest(SuiteRunner.java:384)
	at org.testng.SuiteRunner.runSequentially(SuiteRunner.java:378)
	at org.testng.SuiteRunner.privateRun(SuiteRunner.java:337)
	at org.testng.SuiteRunner.run(SuiteRunner.java:286)
	at org.testng.SuiteRunnerWorker.runSuite(SuiteRunnerWorker.java:53)
	at org.testng.SuiteRunnerWorker.run(SuiteRunnerWorker.java:96)
	at org.testng.TestNG.runSuitesSequentially(TestNG.java:1187)
	at org.testng.TestNG.runSuitesLocally(TestNG.java:1109)
	at org.testng.TestNG.runSuites(TestNG.java:1039)
	at org.testng.TestNG.run(TestNG.java:1007)
	at org.apache.maven.surefire.testng.TestNGExecutor.run(TestNGExecutor.java:281)
	at org.apache.maven.surefire.testng.TestNGXmlTestSuite.execute(TestNGXmlTestSuite.java:75)
	at org.apache.maven.surefire.testng.TestNGProvider.invoke(TestNGProvider.java:121)
	at org.apache.maven.surefire.booter.ForkedBooter.invokeProviderInSameClassLoader(ForkedBooter.java:290)
	at org.apache.maven.surefire.booter.ForkedBooter.runSuitesInProcess(ForkedBooter.java:242)
	at org.apache.maven.surefire.booter.ForkedBooter.main(ForkedBooter.java:121)
</pre></div></td>
<td>0</td>
<td>scripts._01_Project@64bfbc86</td></tr>
<tr>
<td title='scripts._01_Project.validateTheFullNameInputBox()'><b>validateTheFullNameInputBox</b><br>Test class: scripts._01_Project<br>Test method: Test Case 02 - Validate the Full name input box</td>
<td><div><pre>java.lang.AssertionError: expected [Enter your name] but found [Enter your full name]
	at org.testng.Assert.fail(Assert.java:97)
	at org.testng.Assert.assertEqualsImpl(Assert.java:136)
	at org.testng.Assert.assertEquals(Assert.java:118)
	at org.testng.Assert.assertEquals(Assert.java:575)
	at org.testng.Assert.assertEquals(Assert.java:585)
	at scripts._01_Project.validateTheFullNameInputBox(_01_Project.java:55)
	at sun.reflect.NativeMethodAccessorImpl.invoke0(Native Method)
	at sun.reflect.NativeMethodAccessorImpl.invoke(NativeMethodAccessorImpl.java:62)
	at sun.reflect.DelegatingMethodAccessorImpl.invoke(DelegatingMethodAccessorImpl.java:43)
	at java.lang.reflect.Method.invoke(Method.java:498)
	at org.testng.internal.MethodInvocationHelper.invokeMethod(MethodInvocationHelper.java:134)
	at org.testng.internal.TestInvoker.invokeMethod(TestInvoker.java:597)
	at org.testng.internal.TestInvoker.invokeTestMethod(TestInvoker.java:173)
	at org.testng.internal.MethodRunner.runInSequence(MethodRunner.java:46)
	at org.testng.internal.TestInvoker$MethodInvocationAgent.invoke(TestInvoker.java:816)
	at org.testng.internal.TestInvoker.invokeTestMethods(TestInvoker.java:146)
	at org.testng.internal.TestMethodWorker.invokeTestMethods(TestMethodWorker.java:146)
	at org.testng.internal.TestMethodWorker.run(TestMethodWorker.java:128)
	at java.util.ArrayList.forEach(ArrayList.java:1259)
	at org.testng.TestRunner.privateRun(TestRunner.java:766)
	at org.testng.TestRunner.run(TestRunner.java:587)
	at org.testng.SuiteRunner.runTest(SuiteRunner.java:384)
	at org.testng.SuiteRunner.runSequentially(SuiteRunner.java:378)
	at org.testng.SuiteRunner.privateRun(SuiteRunner.java:337)
	at org.testng.SuiteRunner.run(SuiteRunner.java:286)
	at org.testng.SuiteRunnerWorker.runSuite(SuiteRunnerWorker.java:53)
	at org.testng.SuiteRunnerWorker.run(SuiteRunnerWorker.java:96)
	at org.testng.TestNG.runSuitesSequentially(TestNG.java:1187)
	at org.testng.TestNG.runSuitesLocally(TestNG.java:1109)
	at org.testng.TestNG.runSuites(TestNG.java:1039)
	at org.testng.TestNG.run(TestNG.java:1007)
	at org.apache.maven.surefire.testng.TestNGExecutor.run(TestNGExecutor.java:281)
	at org.apache.maven.surefire.testng.TestNGXmlTestSuite.execute(TestNGXmlTestSuite.java:75)
	at org.apache.maven.surefire.testng.TestNGProvider.invoke(TestNGProvider.java:121)
	at org.apache.maven.surefire.booter.ForkedBooter.invokeProviderInSameClassLoader(ForkedBooter.java:290)
	at org.apache.maven.surefire.booter.ForkedBooter.runSuitesInProcess(ForkedBooter.java:242)
	at org.apache.maven.surefire.booter.ForkedBooter.main(ForkedBooter.java:121)
</pre></div><a href='#' onClick='toggleBox("stack-trace1998882269", this, "Click to show all stack frames", "Click to hide stack frames")'>Click to show all stack frames</a>
<div class='stack-trace' id='stack-trace1998882269'><pre>java.lang.AssertionError: expected [Enter your name] but found [Enter your full name]
	at org.testng.Assert.fail(Assert.java:97)
	at org.testng.Assert.assertEqualsImpl(Assert.java:136)
	at org.testng.Assert.assertEquals(Assert.java:118)
	at org.testng.Assert.assertEquals(Assert.java:575)
	at org.testng.Assert.assertEquals(Assert.java:585)
	at scripts._01_Project.validateTheFullNameInputBox(_01_Project.java:55)
	at sun.reflect.NativeMethodAccessorImpl.invoke0(Native Method)
	at sun.reflect.NativeMethodAccessorImpl.invoke(NativeMethodAccessorImpl.java:62)
	at sun.reflect.DelegatingMethodAccessorImpl.invoke(DelegatingMethodAccessorImpl.java:43)
	at java.lang.reflect.Method.invoke(Method.java:498)
	at org.testng.internal.MethodInvocationHelper.invokeMethod(MethodInvocationHelper.java:134)
	at org.testng.internal.TestInvoker.invokeMethod(TestInvoker.java:597)
	at org.testng.internal.TestInvoker.invokeTestMethod(TestInvoker.java:173)
	at org.testng.internal.MethodRunner.runInSequence(MethodRunner.java:46)
	at org.testng.internal.TestInvoker$MethodInvocationAgent.invoke(TestInvoker.java:816)
	at org.testng.internal.TestInvoker.invokeTestMethods(TestInvoker.java:146)
	at org.testng.internal.TestMethodWorker.invokeTestMethods(TestMethodWorker.java:146)
	at org.testng.internal.TestMethodWorker.run(TestMethodWorker.java:128)
	at java.util.ArrayList.forEach(ArrayList.java:1259)
	at org.testng.TestRunner.privateRun(TestRunner.java:766)
	at org.testng.TestRunner.run(TestRunner.java:587)
	at org.testng.SuiteRunner.runTest(SuiteRunner.java:384)
	at org.testng.SuiteRunner.runSequentially(SuiteRunner.java:378)
	at org.testng.SuiteRunner.privateRun(SuiteRunner.java:337)
	at org.testng.SuiteRunner.run(SuiteRunner.java:286)
	at org.testng.SuiteRunnerWorker.runSuite(SuiteRunnerWorker.java:53)
	at org.testng.SuiteRunnerWorker.run(SuiteRunnerWorker.java:96)
	at org.testng.TestNG.runSuitesSequentially(TestNG.java:1187)
	at org.testng.TestNG.runSuitesLocally(TestNG.java:1109)
	at org.testng.TestNG.runSuites(TestNG.java:1039)
	at org.testng.TestNG.run(TestNG.java:1007)
	at org.apache.maven.surefire.testng.TestNGExecutor.run(TestNGExecutor.java:281)
	at org.apache.maven.surefire.testng.TestNGXmlTestSuite.execute(TestNGXmlTestSuite.java:75)
	at org.apache.maven.surefire.testng.TestNGProvider.invoke(TestNGProvider.java:121)
	at org.apache.maven.surefire.booter.ForkedBooter.invokeProviderInSameClassLoader(ForkedBooter.java:290)
	at org.apache.maven.surefire.booter.ForkedBooter.runSuitesInProcess(ForkedBooter.java:242)
	at org.apache.maven.surefire.booter.ForkedBooter.main(ForkedBooter.java:121)
</pre></div></td>
<td>0</td>
<td>scripts._01_Project@64bfbc86</td></tr>
</table><p>
<table width='100%' border='1' class='invocation-passed'>
<tr><td colspan='4' align='center'><b>PASSED TESTS</b></td></tr>
<tr><td><b>Test method</b></td>
<td width="30%"><b>Exception</b></td>
<td width="10%"><b>Time (seconds)</b></td>
<td><b>Instance</b></td>
</tr>
<tr>
<td title='scripts._09_TGCheckboxTest.checkboxTest2()'><b>checkboxTest2</b><br>Test class: scripts._09_TGCheckboxTest</td>
<td></td>
<td>1</td>
<td>scripts._09_TGCheckboxTest@1e127982</td></tr>
<tr>
<td title='scripts._12_TGAlertsTest.confirmationAlert()'><b>confirmationAlert</b><br>Test class: scripts._12_TGAlertsTest</td>
<td></td>
<td>1</td>
<td>scripts._12_TGAlertsTest@3c0f93f1</td></tr>
<tr>
<td title='scripts._11_TGDropdownsTest.dropdownTestCase()'><b>dropdownTestCase</b><br>Test class: scripts._11_TGDropdownsTest</td>
<td></td>
<td>2</td>
<td>scripts._11_TGDropdownsTest@2038ae61</td></tr>
<tr>
<td title='scripts._11_TGDropdownsTest.productColorTest()'><b>productColorTest</b><br>Test class: scripts._11_TGDropdownsTest</td>
<td></td>
<td>0</td>
<td>scripts._11_TGDropdownsTest@2038ae61</td></tr>
<tr>
<td title='scripts._11_TGDropdownsTest.productDeliveryTest()'><b>productDeliveryTest</b><br>Test class: scripts._11_TGDropdownsTest</td>
<td></td>
<td>41</td>
<td>scripts._11_TGDropdownsTest@2038ae61</td></tr>
<tr>
<td title='scripts._11_TGDropdownsTest.productDropdownTest()'><b>productDropdownTest</b><br>Test class: scripts._11_TGDropdownsTest</td>
<td></td>
<td>0</td>
<td>scripts._11_TGDropdownsTest@2038ae61</td></tr>
<tr>
<td title='scripts._03_TGLocatorsTest.validateAllLinks()'><b>validateAllLinks</b><br>Test class: scripts._03_TGLocatorsTest</td>
<td></td>
<td>0</td>
<td>scripts._03_TGLocatorsTest@148080bb</td></tr>
<tr>
<td title='scripts._03_TGLocatorsTest.validateAllParagraphs()'><b>validateAllParagraphs</b><br>Test class: scripts._03_TGLocatorsTest</td>
<td></td>
<td>0</td>
<td>scripts._03_TGLocatorsTest@148080bb</td></tr>
<tr>
<td title='scripts._04_TGLocatorTest.validateAutomationTools()'><b>validateAutomationTools</b><br>Test class: scripts._04_TGLocatorTest</td>
<td></td>
<td>0</td>
<td>scripts._04_TGLocatorTest@dc24521</td></tr>
<tr>
<td title='scripts._09_TGCheckboxTest.validateCheckboxes()'><b>validateCheckboxes</b><br>Test class: scripts._09_TGCheckboxTest</td>
<td></td>
<td>0</td>
<td>scripts._09_TGCheckboxTest@1e127982</td></tr>
<tr>
<td title='scripts._07_TGDynamicElementsTest.validateDynamicElementBox1()'><b>validateDynamicElementBox1</b><br>Test class: scripts._07_TGDynamicElementsTest</td>
<td></td>
<td>0</td>
<td>scripts._07_TGDynamicElementsTest@7e0b0338</td></tr>
<tr>
<td title='scripts._07_TGDynamicElementsTest.validateDynamicElementBox2()'><b>validateDynamicElementBox2</b><br>Test class: scripts._07_TGDynamicElementsTest</td>
<td></td>
<td>0</td>
<td>scripts._07_TGDynamicElementsTest@7e0b0338</td></tr>
<tr>
<td title='scripts._07_TGDynamicElementsTest.validateDynamicElementBoxes()'><b>validateDynamicElementBoxes</b><br>Test class: scripts._07_TGDynamicElementsTest</td>
<td></td>
<td>0</td>
<td>scripts._07_TGDynamicElementsTest@7e0b0338</td></tr>
<tr>
<td title='scripts._17_TGStaticTableTest.validateEachCell()'><b>validateEachCell</b><br>Test class: scripts._17_TGStaticTableTest</td>
<td></td>
<td>0</td>
<td>scripts._17_TGStaticTableTest@31610302</td></tr>
<tr>
<td title='scripts._05_FacebookTest.validateFacebookLogin()'><b>validateFacebookLogin</b><br>Test class: scripts._05_FacebookTest</td>
<td></td>
<td>1</td>
<td>scripts._05_FacebookTest@10bdf5e5</td></tr>
<tr>
<td title='scripts._17_TGStaticTableTest.validateFirstRow()'><b>validateFirstRow</b><br>Test class: scripts._17_TGStaticTableTest</td>
<td></td>
<td>0</td>
<td>scripts._17_TGStaticTableTest@31610302</td></tr>
<tr>
<td title='scripts._02_Project.validateForgotPasswordAndResetPassword()'><b>validateForgotPasswordAndResetPassword</b><br>Test class: scripts._02_Project<br>Test method:  Validate the Forgot Password? Link and Reset Password modal
</td>
<td></td>
<td>3</td>
<td>scripts._02_Project@55d56113</td></tr>
<tr>
<td title='scripts._03_TGLocatorsTest.validateGrapesParagraph()'><b>validateGrapesParagraph</b><br>Test class: scripts._03_TGLocatorsTest</td>
<td></td>
<td>0</td>
<td>scripts._03_TGLocatorsTest@148080bb</td></tr>
<tr>
<td title='scripts._02_Project.validateInvalidLogin()'><b>validateInvalidLogin</b><br>Test class: scripts._02_Project<br>Test method: Validate the invalid login with the empty credentials</td>
<td></td>
<td>1</td>
<td>scripts._02_Project@55d56113</td></tr>
<tr>
<td title='scripts._02_Project.validateInvalidLoginWithWrongCredentials()'><b>validateInvalidLoginWithWrongCredentials</b><br>Test class: scripts._02_Project<br>Test method:  Validate the invalid login with the wrong username and password</td>
<td></td>
<td>3</td>
<td>scripts._02_Project@55d56113</td></tr>
<tr>
<td title='scripts._02_Project.validateInvalidLoginWithWrongPassword()'><b>validateInvalidLoginWithWrongPassword</b><br>Test class: scripts._02_Project<br>Test method: Validate the invalid login with the wrong password</td>
<td></td>
<td>3</td>
<td>scripts._02_Project@55d56113</td></tr>
<tr>
<td title='scripts._03_TGLocatorsTest.validateKiwiParagraph()'><b>validateKiwiParagraph</b><br>Test class: scripts._03_TGLocatorsTest</td>
<td></td>
<td>0</td>
<td>scripts._03_TGLocatorsTest@148080bb</td></tr>
<tr>
<td title='scripts._04_TGLocatorTest.validateLanguages()'><b>validateLanguages</b><br>Test class: scripts._04_TGLocatorTest</td>
<td></td>
<td>0</td>
<td>scripts._04_TGLocatorTest@dc24521</td></tr>
<tr>
<td title='scripts._17_TGStaticTableTest.validateLastColumn()'><b>validateLastColumn</b><br>Test class: scripts._17_TGStaticTableTest</td>
<td></td>
<td>0</td>
<td>scripts._17_TGStaticTableTest@31610302</td></tr>
<tr>
<td title='scripts._02_Project.validateLoginForm()'><b>validateLoginForm</b><br>Test class: scripts._02_Project<br>Test method: Validate the login form</td>
<td></td>
<td>3</td>
<td>scripts._02_Project@55d56113</td></tr>
<tr>
<td title='scripts._02_Project.validateLogout()'><b>validateLogout</b><br>Test class: scripts._02_Project<br>Test method: Validate the logout</td>
<td></td>
<td>4</td>
<td>scripts._02_Project@55d56113</td></tr>
<tr>
<td title='scripts._03_TGLocatorsTest.validateOrangeParagraph()'><b>validateOrangeParagraph</b><br>Test class: scripts._03_TGLocatorsTest</td>
<td></td>
<td>0</td>
<td>scripts._03_TGLocatorsTest@148080bb</td></tr>
<tr>
<td title='scripts._10_TGRadioButtonsTest.validatePracticeMore()'><b>validatePracticeMore</b><br>Test class: scripts._10_TGRadioButtonsTest</td>
<td></td>
<td>1</td>
<td>scripts._10_TGRadioButtonsTest@60c6f5b</td></tr>
<tr>
<td title='scripts._10_TGRadioButtonsTest.validateRadioButtons()'><b>validateRadioButtons</b><br>Test class: scripts._10_TGRadioButtonsTest</td>
<td></td>
<td>1</td>
<td>scripts._10_TGRadioButtonsTest@60c6f5b</td></tr>
<tr>
<td title='scripts._03_TGLocatorsTest.validateRedAppleLink()'><b>validateRedAppleLink</b><br>Test class: scripts._03_TGLocatorsTest</td>
<td></td>
<td>0</td>
<td>scripts._03_TGLocatorsTest@148080bb</td></tr>
<tr>
<td title='scripts._02_Project.validateResetPasswordForm()'><b>validateResetPasswordForm</b><br>Test class: scripts._02_Project<br>Test method:  Validate the Reset Password form submission</td>
<td></td>
<td>4</td>
<td>scripts._02_Project@55d56113</td></tr>
<tr>
<td title='scripts._01_GoogleTest.validateSearchBar()'><b>validateSearchBar</b><br>Test class: scripts._01_GoogleTest</td>
<td></td>
<td>0</td>
<td>scripts._01_GoogleTest@192b07fd</td></tr>
<tr>
<td title='scripts._01_GoogleTest.validateSearchButton()'><b>validateSearchButton</b><br>Test class: scripts._01_GoogleTest</td>
<td></td>
<td>0</td>
<td>scripts._01_GoogleTest@192b07fd</td></tr>
<tr>
<td title='scripts._18_TGSortableTableTest.validateSortAscByQuantity()'><b>validateSortAscByQuantity</b><br>Test class: scripts._18_TGSortableTableTest</td>
<td></td>
<td>2</td>
<td>scripts._18_TGSortableTableTest@71318ec4</td></tr>
<tr>
<td title='scripts._18_TGSortableTableTest.validateSortDscByQuantity()'><b>validateSortDscByQuantity</b><br>Test class: scripts._18_TGSortableTableTest</td>
<td></td>
<td>0</td>
<td>scripts._18_TGSortableTableTest@71318ec4</td></tr>
<tr>
<td title='scripts._17_TGStaticTableTest.validateTableHeaders()'><b>validateTableHeaders</b><br>Test class: scripts._17_TGStaticTableTest</td>
<td></td>
<td>0</td>
<td>scripts._17_TGStaticTableTest@31610302</td></tr>
<tr>
<td title='scripts._01_Project.validateTheAddressInputBox()'><b>validateTheAddressInputBox</b><br>Test class: scripts._01_Project<br>Test method: Test Case 04 - Validate the Address input box</td>
<td></td>
<td>0</td>
<td>scripts._01_Project@64bfbc86</td></tr>
<tr>
<td title='scripts._14_MultipleWindowsTest.validateTheAppleNavigation()'><b>validateTheAppleNavigation</b><br>Test class: scripts._14_MultipleWindowsTest<br>Test method: TC321 Validate the Apple navigation</td>
<td></td>
<td>9</td>
<td>scripts._14_MultipleWindowsTest@544fe44c</td></tr>
<tr>
<td title='scripts._01_Project.validateTheConsentCheckbox()'><b>validateTheConsentCheckbox</b><br>Test class: scripts._01_Project<br>Test method: Test Case 08 - Validate the Consent checkbox</td>
<td></td>
<td>5</td>
<td>scripts._01_Project@64bfbc86</td></tr>
<tr>
<td title='scripts._01_Project.validateTheEmailInputBox()'><b>validateTheEmailInputBox</b><br>Test class: scripts._01_Project<br>Test method: Test Case 05 - Validate the Email input box</td>
<td></td>
<td>0</td>
<td>scripts._01_Project@64bfbc86</td></tr>
<tr>
<td title='scripts._01_Project.validateTheFormSubmission()'><b>validateTheFormSubmission</b><br>Test class: scripts._01_Project<br>Test method: Test Case 10 - Validate the form submission</td>
<td></td>
<td>5</td>
<td>scripts._01_Project@64bfbc86</td></tr>
<tr>
<td title='scripts._13_IFrameTest.validateTheFormSubmission()'><b>validateTheFormSubmission</b><br>Test class: scripts._13_IFrameTest<br>Test method: TC345 Validate the form submission</td>
<td></td>
<td>3</td>
<td>scripts._13_IFrameTest@31dc339b</td></tr>
<tr>
<td title='scripts._01_Project.validateTheGenderRadioButton()'><b>validateTheGenderRadioButton</b><br>Test class: scripts._01_Project<br>Test method: Test Case 03 - Validate the Gender radio button</td>
<td></td>
<td>11</td>
<td>scripts._01_Project@64bfbc86</td></tr>
<tr>
<td title='scripts._04_TGLocatorTest.validateTheHeader()'><b>validateTheHeader</b><br>Test class: scripts._04_TGLocatorTest</td>
<td></td>
<td>0</td>
<td>scripts._04_TGLocatorTest@dc24521</td></tr>
<tr>
<td title='scripts._14_MultipleWindowsTest.validateTheLinkURLs()'><b>validateTheLinkURLs</b><br>Test class: scripts._14_MultipleWindowsTest<br>Test method: Validate link URLs</td>
<td></td>
<td>46</td>
<td>scripts._14_MultipleWindowsTest@544fe44c</td></tr>
<tr>
<td title='scripts._01_Project.validateTheMessageTextArea()'><b>validateTheMessageTextArea</b><br>Test class: scripts._01_Project<br>Test method: Test Case 07 - Validate the Message text area</td>
<td></td>
<td>0</td>
<td>scripts._01_Project@64bfbc86</td></tr>
<tr>
<td title='scripts._14_MultipleWindowsTest.validateTheMicrosoftNavigation()'><b>validateTheMicrosoftNavigation</b><br>Test class: scripts._14_MultipleWindowsTest<br>Test method: TC322 Validate the Microsoft navigation</td>
<td></td>
<td>14</td>
<td>scripts._14_MultipleWindowsTest@544fe44c</td></tr>
<tr>
<td title='scripts._13_IFrameTest.validateTheParagraph()'><b>validateTheParagraph</b><br>Test class: scripts._13_IFrameTest<br>Test method: TC123: Validate the IFrame Page content paragraph</td>
<td></td>
<td>1</td>
<td>scripts._13_IFrameTest@31dc339b</td></tr>
<tr>
<td title='scripts._01_Project.validateThePhoneInputBox()'><b>validateThePhoneInputBox</b><br>Test class: scripts._01_Project<br>Test method: Test Case 06 - Validate the Phone input box</td>
<td></td>
<td>0</td>
<td>scripts._01_Project@64bfbc86</td></tr>
<tr>
<td title='scripts._01_Project.validateTheSubmitButton()'><b>validateTheSubmitButton</b><br>Test class: scripts._01_Project<br>Test method: Test Case 09 - Validate the SUBMIT button</td>
<td></td>
<td>0</td>
<td>scripts._01_Project@64bfbc86</td></tr>
<tr>
<td title='scripts._14_MultipleWindowsTest.validateTheTeslaNavigation()'><b>validateTheTeslaNavigation</b><br>Test class: scripts._14_MultipleWindowsTest<br>Test method: TC323 Validate the Tesla navigation</td>
<td></td>
<td>18</td>
<td>scripts._14_MultipleWindowsTest@544fe44c</td></tr>
<tr>
<td title='scripts._01_GoogleTest.validateTitleAndURL()'><b>validateTitleAndURL</b><br>Test class: scripts._01_GoogleTest</td>
<td></td>
<td>0</td>
<td>scripts._01_GoogleTest@192b07fd</td></tr>
<tr>
<td title='scripts._02_AppleTest.validateTitleAndUrl()'><b>validateTitleAndUrl</b><br>Test class: scripts._02_AppleTest</td>
<td></td>
<td>0</td>
<td>scripts._02_AppleTest@64bf3bbf</td></tr>
<tr>
<td title='scripts._02_Project.validateValidLogin()'><b>validateValidLogin</b><br>Test class: scripts._02_Project<br>Test method: Validate the valid login</td>
<td></td>
<td>4</td>
<td>scripts._02_Project@55d56113</td></tr>
<tr>
<td title='scripts._06_WikiTest.validateWikiSearch1()'><b>validateWikiSearch1</b><br>Test class: scripts._06_WikiTest</td>
<td></td>
<td>3</td>
<td>scripts._06_WikiTest@6e1ec318</td></tr>
<tr>
<td title='scripts._06_WikiTest.validateWikiSearch2()'><b>validateWikiSearch2</b><br>Test class: scripts._06_WikiTest</td>
<td></td>
<td>3</td>
<td>scripts._06_WikiTest@6e1ec318</td></tr>
<tr>
<td title='scripts._02_Project.validateWrongUsername()'><b>validateWrongUsername</b><br>Test class: scripts._02_Project<br>Test method: Validate the invalid login with the wrong username</td>
<td></td>
<td>3</td>
<td>scripts._02_Project@55d56113</td></tr>
<tr>
<td title='scripts._08_TGWaitsTest.waitForBlueBox()'><b>waitForBlueBox</b><br>Test class: scripts._08_TGWaitsTest</td>
<td></td>
<td>36</td>
<td>scripts._08_TGWaitsTest@617faa95</td></tr>
<tr>
<td title='scripts._08_TGWaitsTest.waitForRedBox()'><b>waitForRedBox</b><br>Test class: scripts._08_TGWaitsTest</td>
<td></td>
<td>11</td>
<td>scripts._08_TGWaitsTest@617faa95</td></tr>
<tr>
<td title='scripts._12_TGAlertsTest.warningAlert()'><b>warningAlert</b><br>Test class: scripts._12_TGAlertsTest</td>
<td></td>
<td>0</td>
<td>scripts._12_TGAlertsTest@3c0f93f1</td></tr>
</table><p>
</body>
</html>